TN:
SF:src\buildAst.js
FN:4,(anonymous_0)
FN:6,(anonymous_1)
FN:9,(anonymous_2)
FNF:3
FNH:3
FNDA:100,(anonymous_0)
FNDA:32,(anonymous_1)
FNDA:118,(anonymous_2)
DA:4,100
DA:6,4
DA:7,32
DA:9,32
DA:10,118
DA:11,118
DA:12,118
DA:13,118
DA:15,118
DA:16,16
DA:18,102
DA:19,32
DA:22,70
DA:23,24
DA:25,46
DA:26,26
DA:28,20
LF:17
LH:17
BRDA:15,0,0,16
BRDA:15,0,1,102
BRDA:15,1,0,118
BRDA:15,1,1,86
BRDA:18,2,0,32
BRDA:18,2,1,70
BRDA:18,3,0,102
BRDA:18,3,1,32
BRDA:22,4,0,24
BRDA:22,4,1,46
BRDA:22,5,0,70
BRDA:22,5,1,30
BRDA:25,6,0,26
BRDA:25,6,1,20
BRF:14
BRH:14
end_of_record
TN:
SF:src\index.js
FN:8,(anonymous_0)
FN:13,(anonymous_1)
FN:15,(anonymous_2)
FNF:3
FNH:3
FNDA:16,(anonymous_0)
FNDA:16,(anonymous_1)
FNDA:8,(anonymous_2)
DA:8,4
DA:9,16
DA:10,16
DA:13,16
DA:15,4
DA:16,8
DA:17,8
DA:19,8
DA:20,8
DA:22,8
DA:24,8
DA:25,8
LF:12
LH:12
BRDA:15,0,0,4
BRF:1
BRH:1
end_of_record
TN:
SF:src\parsers.js
FN:4,(anonymous_0)
FNF:1
FNH:1
FNDA:16,(anonymous_0)
DA:4,4
DA:5,16
DA:7,8
DA:10,8
DA:12,0
LF:5
LH:4
BRDA:5,0,0,8
BRDA:5,0,1,8
BRDA:5,0,2,8
BRDA:5,0,3,0
BRF:4
BRH:3
end_of_record
TN:
SF:src\formatters\index.js
FN:11,getFormatter
FNF:1
FNH:1
FNDA:8,getFormatter
DA:5,4
DA:12,8
DA:13,8
DA:14,8
LF:4
LH:4
BRDA:11,0,0,0
BRDA:13,1,0,0
BRDA:13,1,1,8
BRF:3
BRH:1
end_of_record
TN:
SF:src\formatters\json.js
FN:1,(anonymous_0)
FNF:1
FNH:1
FNDA:2,(anonymous_0)
DA:1,4
LF:1
LH:1
BRF:0
BRH:0
end_of_record
TN:
SF:src\formatters\plain.js
FN:3,(anonymous_0)
FN:11,(anonymous_1)
FN:12,(anonymous_2)
FN:13,(anonymous_3)
FNF:4
FNH:4
FNDA:26,(anonymous_0)
FNDA:2,(anonymous_1)
FNDA:10,(anonymous_2)
FNDA:36,(anonymous_3)
DA:3,4
DA:4,26
DA:5,20
DA:6,18
DA:7,14
DA:8,0
DA:11,4
DA:12,2
DA:13,10
DA:14,36
DA:15,36
DA:17,36
DA:19,8
DA:22,10
DA:27,4
DA:30,8
DA:35,6
DA:38,0
DA:42,2
LF:19
LH:17
BRDA:4,0,0,6
BRDA:4,0,1,20
BRDA:4,1,0,26
BRDA:4,1,1,20
BRDA:5,2,0,2
BRDA:5,2,1,18
BRDA:6,3,0,4
BRDA:6,3,1,14
BRDA:6,4,0,18
BRDA:6,4,1,14
BRDA:7,5,0,14
BRDA:7,5,1,0
BRDA:17,6,0,8
BRDA:17,6,1,10
BRDA:17,6,2,4
BRDA:17,6,3,8
BRDA:17,6,4,6
BRDA:17,6,5,0
BRF:18
BRH:16
end_of_record
TN:
SF:src\formatters\stylish.js
FN:7,(anonymous_0)
FN:9,(anonymous_1)
FN:18,(anonymous_2)
FN:27,(anonymous_3)
FN:28,(anonymous_4)
FN:29,(anonymous_5)
FN:32,(anonymous_6)
FNF:7
FNH:7
FNDA:96,(anonymous_0)
FNDA:66,(anonymous_1)
FNDA:18,(anonymous_2)
FNDA:4,(anonymous_3)
FNDA:12,(anonymous_4)
FNDA:46,(anonymous_5)
FNDA:40,(anonymous_6)
DA:4,4
DA:5,4
DA:7,96
DA:9,4
DA:11,66
DA:13,52
DA:14,50
DA:18,14
DA:19,18
DA:20,18
DA:21,18
DA:24,14
DA:27,4
DA:28,4
DA:29,12
DA:30,46
DA:32,46
DA:33,40
DA:34,40
DA:35,40
DA:38,46
DA:40,12
DA:43,8
DA:46,8
DA:47,8
DA:48,8
DA:52,10
DA:58,8
DA:64,0
DA:68,12
DA:71,4
LF:31
LH:30
BRDA:7,0,0,56
BRDA:11,1,0,52
BRDA:11,1,1,14
BRDA:13,2,0,2
BRDA:13,2,1,50
BRDA:20,3,0,0
BRDA:20,3,1,18
BRDA:34,4,0,2
BRDA:34,4,1,38
BRDA:38,5,0,12
BRDA:38,5,1,8
BRDA:38,5,2,8
BRDA:38,5,3,10
BRDA:38,5,4,8
BRDA:38,5,5,0
BRDA:47,6,0,0
BRDA:47,6,1,8
BRF:17
BRH:14
end_of_record
