TN:
SF:src\index.js
FN:6,(anonymous_0)
FN:12,(anonymous_1)
FN:18,(anonymous_2)
FNF:3
FNH:3
FNDA:4,(anonymous_0)
FNDA:2,(anonymous_1)
FNDA:10,(anonymous_2)
DA:6,1
DA:7,4
DA:8,4
DA:9,4
DA:12,1
DA:13,2
DA:14,2
DA:16,2
DA:18,2
DA:19,10
DA:20,4
DA:21,2
DA:23,2
DA:27,6
DA:28,4
DA:30,2
DA:33,2
LF:17
LH:17
BRDA:19,0,0,4
BRDA:19,0,1,6
BRDA:19,1,0,10
BRDA:19,1,1,8
BRDA:20,2,0,2
BRDA:20,2,1,2
BRDA:27,3,0,4
BRDA:27,3,1,2
BRF:8
BRH:8
end_of_record
TN:
SF:src\parsers.js
FN:4,(anonymous_0)
FNF:1
FNH:1
FNDA:4,(anonymous_0)
DA:4,1
DA:5,4
DA:7,4
DA:9,2
DA:12,2
DA:14,0
LF:6
LH:5
BRDA:7,0,0,2
BRDA:7,0,1,2
BRDA:7,0,2,2
BRDA:7,0,3,0
BRF:4
BRH:3
end_of_record
